2018-01-24T12:14:06.767+0200 I CONTROL  [initandlisten] MongoDB starting : pid=5018 port=27017 dbpath=/data/db 64-bit host=ShlomiA-Mac.local
2018-01-24T12:14:06.767+0200 I CONTROL  [initandlisten] db version v3.2.6
2018-01-24T12:14:06.767+0200 I CONTROL  [initandlisten] git version: 05552b562c7a0b3143a729aaa0838e558dc49b25
2018-01-24T12:14:06.768+0200 I CONTROL  [initandlisten] OpenSSL version: OpenSSL 1.0.2m  2 Nov 2017
2018-01-24T12:14:06.768+0200 I CONTROL  [initandlisten] allocator: system
2018-01-24T12:14:06.768+0200 I CONTROL  [initandlisten] modules: none
2018-01-24T12:14:06.768+0200 I CONTROL  [initandlisten] build environment:
2018-01-24T12:14:06.768+0200 I CONTROL  [initandlisten]     distarch: x86_64
2018-01-24T12:14:06.768+0200 I CONTROL  [initandlisten]     target_arch: x86_64
2018-01-24T12:14:06.768+0200 I CONTROL  [initandlisten] options: {}
2018-01-24T12:14:06.768+0200 I -        [initandlisten] Detected data files in /data/db created by the 'wiredTiger' storage engine, so setting the active storage engine to 'wiredTiger'.
2018-01-24T12:14:06.770+0200 I STORAGE  [initandlisten] exception in initAndListen: 98 Unable to create/open lock file: /data/db/mongod.lock errno:13 Permission denied Is a mongod instance already running?, terminating
2018-01-24T12:14:06.770+0200 I CONTROL  [initandlisten] dbexit:  rc: 100
2018-01-24T12:14:13.136+0200 I CONTROL  [initandlisten] MongoDB starting : pid=5024 port=27017 dbpath=/data/db 64-bit host=ShlomiA-Mac.local
2018-01-24T12:14:13.136+0200 I CONTROL  [initandlisten] db version v3.2.6
2018-01-24T12:14:13.136+0200 I CONTROL  [initandlisten] git version: 05552b562c7a0b3143a729aaa0838e558dc49b25
2018-01-24T12:14:13.136+0200 I CONTROL  [initandlisten] OpenSSL version: OpenSSL 1.0.2m  2 Nov 2017
2018-01-24T12:14:13.136+0200 I CONTROL  [initandlisten] allocator: system
2018-01-24T12:14:13.136+0200 I CONTROL  [initandlisten] modules: none
2018-01-24T12:14:13.137+0200 I CONTROL  [initandlisten] build environment:
2018-01-24T12:14:13.137+0200 I CONTROL  [initandlisten]     distarch: x86_64
2018-01-24T12:14:13.137+0200 I CONTROL  [initandlisten]     target_arch: x86_64
2018-01-24T12:14:13.137+0200 I CONTROL  [initandlisten] options: {}
2018-01-24T12:14:13.137+0200 I -        [initandlisten] Detected data files in /data/db created by the 'wiredTiger' storage engine, so setting the active storage engine to 'wiredTiger'.
2018-01-24T12:14:13.137+0200 I STORAGE  [initandlisten] wiredtiger_open config: create,cache_size=9G,session_max=20000,eviction=(threads_max=4),config_base=false,statistics=(fast),log=(enabled=true,archive=true,path=journal,compressor=snappy),file_manager=(close_idle_time=100000),checkpoint=(wait=60,log_size=2GB),statistics_log=(wait=0),
2018-01-24T12:14:14.090+0200 I CONTROL  [initandlisten] ** WARNING: You are running this process as the root user, which is not recommended.
2018-01-24T12:14:14.090+0200 I CONTROL  [initandlisten] 
2018-01-24T12:14:14.149+0200 I NETWORK  [HostnameCanonicalizationWorker] Starting hostname canonicalization worker
2018-01-24T12:14:14.150+0200 I FTDC     [initandlisten] Initializing full-time diagnostic data capture with directory '/data/db/diagnostic.data'
2018-01-24T12:14:14.150+0200 I NETWORK  [initandlisten] waiting for connections on port 27017
2018-01-24T12:14:32.474+0200 I CONTROL  [signalProcessingThread] got signal 2 (Interrupt: 2), will terminate after current cmd ends
2018-01-24T12:14:32.475+0200 I FTDC     [signalProcessingThread] Shutting down full-time diagnostic data capture
2018-01-24T12:14:32.476+0200 I CONTROL  [signalProcessingThread] now exiting
2018-01-24T12:14:32.476+0200 I NETWORK  [signalProcessingThread] shutdown: going to close listening sockets...
2018-01-24T12:14:32.476+0200 I NETWORK  [signalProcessingThread] closing listening socket: 6
2018-01-24T12:14:32.476+0200 I NETWORK  [signalProcessingThread] closing listening socket: 7
2018-01-24T12:14:32.476+0200 I NETWORK  [signalProcessingThread] removing socket file: /tmp/mongodb-27017.sock
2018-01-24T12:14:32.476+0200 I NETWORK  [signalProcessingThread] shutdown: going to flush diaglog...
2018-01-24T12:14:32.476+0200 I NETWORK  [signalProcessingThread] shutdown: going to close sockets...
2018-01-24T12:14:32.476+0200 I STORAGE  [signalProcessingThread] WiredTigerKVEngine shutting down
2018-01-24T12:14:32.702+0200 I STORAGE  [signalProcessingThread] shutdown: removing fs lock...
2018-01-24T12:14:32.703+0200 I CONTROL  [signalProcessingThread] dbexit:  rc: 0
